{"level":30,"time":1716470346863,"pid":69349,"hostname":"MacBook-Pro-van-Stagiair.local","msg":"Validating config file and environment variables"}
{"level":40,"time":1716470346865,"pid":69349,"hostname":"MacBook-Pro-van-Stagiair.local","msg":"config.js: SUPPORT_SERVER is not provided"}
{"level":40,"time":1716470346865,"pid":69349,"hostname":"MacBook-Pro-van-Stagiair.local","msg":"env: WEATHERSTACK_KEY is missing. Weather command won't work"}
{"level":40,"time":1716470346865,"pid":69349,"hostname":"MacBook-Pro-van-Stagiair.local","msg":"env: STRANGE_API_KEY is missing. Image commands won't work"}
{"level":30,"time":1716470346915,"pid":69349,"hostname":"MacBook-Pro-van-Stagiair.local","msg":"Loading commands..."}
{"level":50,"time":1716470346974,"pid":69349,"hostname":"MacBook-Pro-van-Stagiair.local","msg":"Failed to load /Users/stagiairgaaf/Documents/Development/discord-bot/src/commands/admin/greeting/farewell.js Reason: Unexpected end of input"}
{"level":20,"time":1716470347316,"pid":69349,"hostname":"MacBook-Pro-van-Stagiair.local","msg":"Skipping Command filter. Category IMAGE is disabled"}
{"level":20,"time":1716470347317,"pid":69349,"hostname":"MacBook-Pro-van-Stagiair.local","msg":"Skipping Command generator. Category IMAGE is disabled"}
{"level":20,"time":1716470347318,"pid":69349,"hostname":"MacBook-Pro-van-Stagiair.local","msg":"Skipping Command overlay. Category IMAGE is disabled"}
{"level":20,"time":1716470347322,"pid":69349,"hostname":"MacBook-Pro-van-Stagiair.local","msg":"Skipping slash command avatar. Disabled!"}
{"level":20,"time":1716470347323,"pid":69349,"hostname":"MacBook-Pro-van-Stagiair.local","msg":"Skipping slash command botinvite. Disabled!"}
{"level":20,"time":1716470347324,"pid":69349,"hostname":"MacBook-Pro-van-Stagiair.local","msg":"Skipping slash command botstats. Disabled!"}
{"level":20,"time":1716470347326,"pid":69349,"hostname":"MacBook-Pro-van-Stagiair.local","msg":"Skipping slash command channelinfo. Disabled!"}
{"level":20,"time":1716470347328,"pid":69349,"hostname":"MacBook-Pro-van-Stagiair.local","msg":"Skipping slash command emojiinfo. Disabled!"}
{"level":20,"time":1716470347337,"pid":69349,"hostname":"MacBook-Pro-van-Stagiair.local","msg":"Skipping slash command guildinfo. Disabled!"}
{"level":20,"time":1716470347338,"pid":69349,"hostname":"MacBook-Pro-van-Stagiair.local","msg":"Skipping slash command uptime. Disabled!"}
{"level":20,"time":1716470347340,"pid":69349,"hostname":"MacBook-Pro-van-Stagiair.local","msg":"Skipping slash command userinfo. Disabled!"}
{"level":20,"time":1716470347341,"pid":69349,"hostname":"MacBook-Pro-van-Stagiair.local","msg":"Skipping command bot. Disabled!"}
{"level":20,"time":1716470347342,"pid":69349,"hostname":"MacBook-Pro-van-Stagiair.local","msg":"Skipping command info. Disabled!"}
{"level":20,"time":1716470347354,"pid":69349,"hostname":"MacBook-Pro-van-Stagiair.local","msg":"Skipping slash command deafen. Disabled!"}
{"level":20,"time":1716470347355,"pid":69349,"hostname":"MacBook-Pro-van-Stagiair.local","msg":"Skipping slash command disconnect. Disabled!"}
{"level":20,"time":1716470347357,"pid":69349,"hostname":"MacBook-Pro-van-Stagiair.local","msg":"Skipping slash command move. Disabled!"}
{"level":20,"time":1716470347357,"pid":69349,"hostname":"MacBook-Pro-van-Stagiair.local","msg":"Skipping slash command purge. Disabled!"}
{"level":20,"time":1716470347358,"pid":69349,"hostname":"MacBook-Pro-van-Stagiair.local","msg":"Skipping slash command purgeattach. Disabled!"}
{"level":20,"time":1716470347359,"pid":69349,"hostname":"MacBook-Pro-van-Stagiair.local","msg":"Skipping slash command purgebots. Disabled!"}
{"level":20,"time":1716470347359,"pid":69349,"hostname":"MacBook-Pro-van-Stagiair.local","msg":"Skipping slash command purgelinks. Disabled!"}
{"level":20,"time":1716470347360,"pid":69349,"hostname":"MacBook-Pro-van-Stagiair.local","msg":"Skipping slash command purgetoken. Disabled!"}
{"level":20,"time":1716470347363,"pid":69349,"hostname":"MacBook-Pro-van-Stagiair.local","msg":"Skipping slash command purgeuser. Disabled!"}
{"level":20,"time":1716470347365,"pid":69349,"hostname":"MacBook-Pro-van-Stagiair.local","msg":"Skipping slash command undeafen. Disabled!"}
{"level":20,"time":1716470347366,"pid":69349,"hostname":"MacBook-Pro-van-Stagiair.local","msg":"Skipping slash command vmute. Disabled!"}
{"level":20,"time":1716470347367,"pid":69349,"hostname":"MacBook-Pro-van-Stagiair.local","msg":"Skipping slash command vunmute. Disabled!"}
{"level":20,"time":1716470347369,"pid":69349,"hostname":"MacBook-Pro-van-Stagiair.local","msg":"Skipping command purge. Disabled!"}
{"level":20,"time":1716470347370,"pid":69349,"hostname":"MacBook-Pro-van-Stagiair.local","msg":"Skipping command voice. Disabled!"}
{"level":20,"time":1716470347375,"pid":69349,"hostname":"MacBook-Pro-van-Stagiair.local","msg":"Skipping Command bassboost. Category MUSIC is disabled"}
{"level":20,"time":1716470347401,"pid":69349,"hostname":"MacBook-Pro-van-Stagiair.local","msg":"Skipping Command loop. Category MUSIC is disabled"}
{"level":20,"time":1716470347402,"pid":69349,"hostname":"MacBook-Pro-van-Stagiair.local","msg":"Skipping Command lyric. Category MUSIC is disabled"}
{"level":20,"time":1716470347405,"pid":69349,"hostname":"MacBook-Pro-van-Stagiair.local","msg":"Skipping Command np. Category MUSIC is disabled"}
{"level":20,"time":1716470347406,"pid":69349,"hostname":"MacBook-Pro-van-Stagiair.local","msg":"Skipping Command pause. Category MUSIC is disabled"}
{"level":20,"time":1716470347418,"pid":69349,"hostname":"MacBook-Pro-van-Stagiair.local","msg":"Skipping Command play. Category MUSIC is disabled"}
{"level":20,"time":1716470347419,"pid":69349,"hostname":"MacBook-Pro-van-Stagiair.local","msg":"Skipping Command queue. Category MUSIC is disabled"}
{"level":20,"time":1716470347419,"pid":69349,"hostname":"MacBook-Pro-van-Stagiair.local","msg":"Skipping Command resume. Category MUSIC is disabled"}
{"level":20,"time":1716470347420,"pid":69349,"hostname":"MacBook-Pro-van-Stagiair.local","msg":"Skipping Command search. Category MUSIC is disabled"}
{"level":20,"time":1716470347420,"pid":69349,"hostname":"MacBook-Pro-van-Stagiair.local","msg":"Skipping Command seek. Category MUSIC is disabled"}
{"level":20,"time":1716470347421,"pid":69349,"hostname":"MacBook-Pro-van-Stagiair.local","msg":"Skipping Command shuffle. Category MUSIC is disabled"}
{"level":20,"time":1716470347422,"pid":69349,"hostname":"MacBook-Pro-van-Stagiair.local","msg":"Skipping Command skip. Category MUSIC is disabled"}
{"level":20,"time":1716470347422,"pid":69349,"hostname":"MacBook-Pro-van-Stagiair.local","msg":"Skipping Command stop. Category MUSIC is disabled"}
{"level":20,"time":1716470347423,"pid":69349,"hostname":"MacBook-Pro-van-Stagiair.local","msg":"Skipping Command volume. Category MUSIC is disabled"}
{"level":20,"time":1716470347423,"pid":69349,"hostname":"MacBook-Pro-van-Stagiair.local","msg":"Skipping slash command eval. Disabled!"}
{"level":20,"time":1716470347424,"pid":69349,"hostname":"MacBook-Pro-van-Stagiair.local","msg":"Skipping slash command leaveserver. Disabled!"}
{"level":20,"time":1716470347425,"pid":69349,"hostname":"MacBook-Pro-van-Stagiair.local","msg":"Skipping slash command listservers. Disabled!"}
{"level":30,"time":1716470347439,"pid":69349,"hostname":"MacBook-Pro-van-Stagiair.local","msg":"Loaded 79 commands"}
{"level":30,"time":1716470347440,"pid":69349,"hostname":"MacBook-Pro-van-Stagiair.local","msg":"Loaded 60 slash commands"}
{"level":30,"time":1716470347440,"pid":69349,"hostname":"MacBook-Pro-van-Stagiair.local","msg":"Loading contexts..."}
{"level":30,"time":1716470347441,"pid":69349,"hostname":"MacBook-Pro-van-Stagiair.local","msg":"Loaded 1 USER contexts"}
{"level":30,"time":1716470347441,"pid":69349,"hostname":"MacBook-Pro-van-Stagiair.local","msg":"Loaded 0 MESSAGE contexts"}
{"level":30,"time":1716470347441,"pid":69349,"hostname":"MacBook-Pro-van-Stagiair.local","msg":"Loading events..."}
{"level":30,"time":1716470347472,"pid":69349,"hostname":"MacBook-Pro-van-Stagiair.local","msg":"Loaded 15 events. Success (15) Failed (0)"}
{"level":30,"time":1716470347780,"pid":69349,"hostname":"MacBook-Pro-van-Stagiair.local","msg":"VersionCheck: Your discord bot is up to date. Current version is 0.5.4"}
{"level":30,"time":1716470347780,"pid":69349,"hostname":"MacBook-Pro-van-Stagiair.local","msg":"Launching dashboard"}
{"level":30,"time":1716470347919,"pid":69349,"hostname":"MacBook-Pro-van-Stagiair.local","msg":"Connecting to MongoDb..."}
{"level":30,"time":1716470348327,"pid":69349,"hostname":"MacBook-Pro-van-Stagiair.local","msg":"Mongoose: Database connection established"}
{"level":30,"time":1716470348340,"pid":69349,"hostname":"MacBook-Pro-van-Stagiair.local","msg":"Dashboard is listening on port 6969"}
{"level":30,"time":1716470349042,"pid":69349,"hostname":"MacBook-Pro-van-Stagiair.local","msg":"Logged in as Gray Zone Warfare NL#1163! (1237023654211096606)"}
{"level":30,"time":1716470349042,"pid":69349,"hostname":"MacBook-Pro-van-Stagiair.local","msg":"Initializing giveaways manager..."}
{"level":30,"time":1716470349066,"pid":69349,"hostname":"MacBook-Pro-van-Stagiair.local","msg":"Giveaway Manager initialized"}
{"level":30,"time":1716470517851,"pid":70125,"hostname":"MacBook-Pro-van-Stagiair.local","msg":"Validating config file and environment variables"}
{"level":40,"time":1716470517852,"pid":70125,"hostname":"MacBook-Pro-van-Stagiair.local","msg":"config.js: SUPPORT_SERVER is not provided"}
{"level":40,"time":1716470517852,"pid":70125,"hostname":"MacBook-Pro-van-Stagiair.local","msg":"env: WEATHERSTACK_KEY is missing. Weather command won't work"}
{"level":40,"time":1716470517852,"pid":70125,"hostname":"MacBook-Pro-van-Stagiair.local","msg":"env: STRANGE_API_KEY is missing. Image commands won't work"}
{"level":30,"time":1716470517896,"pid":70125,"hostname":"MacBook-Pro-van-Stagiair.local","msg":"Loading commands..."}
{"level":20,"time":1716470518235,"pid":70125,"hostname":"MacBook-Pro-van-Stagiair.local","msg":"Skipping Command filter. Category IMAGE is disabled"}
{"level":20,"time":1716470518235,"pid":70125,"hostname":"MacBook-Pro-van-Stagiair.local","msg":"Skipping Command generator. Category IMAGE is disabled"}
{"level":20,"time":1716470518236,"pid":70125,"hostname":"MacBook-Pro-van-Stagiair.local","msg":"Skipping Command overlay. Category IMAGE is disabled"}
{"level":20,"time":1716470518241,"pid":70125,"hostname":"MacBook-Pro-van-Stagiair.local","msg":"Skipping slash command avatar. Disabled!"}
{"level":20,"time":1716470518242,"pid":70125,"hostname":"MacBook-Pro-van-Stagiair.local","msg":"Skipping slash command botinvite. Disabled!"}
{"level":20,"time":1716470518243,"pid":70125,"hostname":"MacBook-Pro-van-Stagiair.local","msg":"Skipping slash command botstats. Disabled!"}
{"level":20,"time":1716470518245,"pid":70125,"hostname":"MacBook-Pro-van-Stagiair.local","msg":"Skipping slash command channelinfo. Disabled!"}
{"level":20,"time":1716470518246,"pid":70125,"hostname":"MacBook-Pro-van-Stagiair.local","msg":"Skipping slash command emojiinfo. Disabled!"}
{"level":20,"time":1716470518254,"pid":70125,"hostname":"MacBook-Pro-van-Stagiair.local","msg":"Skipping slash command guildinfo. Disabled!"}
{"level":20,"time":1716470518255,"pid":70125,"hostname":"MacBook-Pro-van-Stagiair.local","msg":"Skipping slash command uptime. Disabled!"}
{"level":20,"time":1716470518257,"pid":70125,"hostname":"MacBook-Pro-van-Stagiair.local","msg":"Skipping slash command userinfo. Disabled!"}
{"level":20,"time":1716470518259,"pid":70125,"hostname":"MacBook-Pro-van-Stagiair.local","msg":"Skipping command bot. Disabled!"}
{"level":20,"time":1716470518260,"pid":70125,"hostname":"MacBook-Pro-van-Stagiair.local","msg":"Skipping command info. Disabled!"}
{"level":20,"time":1716470518269,"pid":70125,"hostname":"MacBook-Pro-van-Stagiair.local","msg":"Skipping slash command deafen. Disabled!"}
{"level":20,"time":1716470518270,"pid":70125,"hostname":"MacBook-Pro-van-Stagiair.local","msg":"Skipping slash command disconnect. Disabled!"}
{"level":20,"time":1716470518271,"pid":70125,"hostname":"MacBook-Pro-van-Stagiair.local","msg":"Skipping slash command move. Disabled!"}
{"level":20,"time":1716470518271,"pid":70125,"hostname":"MacBook-Pro-van-Stagiair.local","msg":"Skipping slash command purge. Disabled!"}
{"level":20,"time":1716470518276,"pid":70125,"hostname":"MacBook-Pro-van-Stagiair.local","msg":"Skipping slash command purgeattach. Disabled!"}
{"level":20,"time":1716470518276,"pid":70125,"hostname":"MacBook-Pro-van-Stagiair.local","msg":"Skipping slash command purgebots. Disabled!"}
{"level":20,"time":1716470518277,"pid":70125,"hostname":"MacBook-Pro-van-Stagiair.local","msg":"Skipping slash command purgelinks. Disabled!"}
{"level":20,"time":1716470518277,"pid":70125,"hostname":"MacBook-Pro-van-Stagiair.local","msg":"Skipping slash command purgetoken. Disabled!"}
{"level":20,"time":1716470518278,"pid":70125,"hostname":"MacBook-Pro-van-Stagiair.local","msg":"Skipping slash command purgeuser. Disabled!"}
{"level":20,"time":1716470518279,"pid":70125,"hostname":"MacBook-Pro-van-Stagiair.local","msg":"Skipping slash command undeafen. Disabled!"}
{"level":20,"time":1716470518280,"pid":70125,"hostname":"MacBook-Pro-van-Stagiair.local","msg":"Skipping slash command vmute. Disabled!"}
{"level":20,"time":1716470518281,"pid":70125,"hostname":"MacBook-Pro-van-Stagiair.local","msg":"Skipping slash command vunmute. Disabled!"}
{"level":20,"time":1716470518283,"pid":70125,"hostname":"MacBook-Pro-van-Stagiair.local","msg":"Skipping command purge. Disabled!"}
{"level":20,"time":1716470518284,"pid":70125,"hostname":"MacBook-Pro-van-Stagiair.local","msg":"Skipping command voice. Disabled!"}
{"level":20,"time":1716470518288,"pid":70125,"hostname":"MacBook-Pro-van-Stagiair.local","msg":"Skipping Command bassboost. Category MUSIC is disabled"}
{"level":20,"time":1716470518308,"pid":70125,"hostname":"MacBook-Pro-van-Stagiair.local","msg":"Skipping Command loop. Category MUSIC is disabled"}
{"level":20,"time":1716470518309,"pid":70125,"hostname":"MacBook-Pro-van-Stagiair.local","msg":"Skipping Command lyric. Category MUSIC is disabled"}
{"level":20,"time":1716470518312,"pid":70125,"hostname":"MacBook-Pro-van-Stagiair.local","msg":"Skipping Command np. Category MUSIC is disabled"}
{"level":20,"time":1716470518312,"pid":70125,"hostname":"MacBook-Pro-van-Stagiair.local","msg":"Skipping Command pause. Category MUSIC is disabled"}
{"level":20,"time":1716470518323,"pid":70125,"hostname":"MacBook-Pro-van-Stagiair.local","msg":"Skipping Command play. Category MUSIC is disabled"}
{"level":20,"time":1716470518323,"pid":70125,"hostname":"MacBook-Pro-van-Stagiair.local","msg":"Skipping Command queue. Category MUSIC is disabled"}
{"level":20,"time":1716470518324,"pid":70125,"hostname":"MacBook-Pro-van-Stagiair.local","msg":"Skipping Command resume. Category MUSIC is disabled"}
{"level":20,"time":1716470518324,"pid":70125,"hostname":"MacBook-Pro-van-Stagiair.local","msg":"Skipping Command search. Category MUSIC is disabled"}
{"level":20,"time":1716470518325,"pid":70125,"hostname":"MacBook-Pro-van-Stagiair.local","msg":"Skipping Command seek. Category MUSIC is disabled"}
{"level":20,"time":1716470518326,"pid":70125,"hostname":"MacBook-Pro-van-Stagiair.local","msg":"Skipping Command shuffle. Category MUSIC is disabled"}
{"level":20,"time":1716470518326,"pid":70125,"hostname":"MacBook-Pro-van-Stagiair.local","msg":"Skipping Command skip. Category MUSIC is disabled"}
{"level":20,"time":1716470518327,"pid":70125,"hostname":"MacBook-Pro-van-Stagiair.local","msg":"Skipping Command stop. Category MUSIC is disabled"}
{"level":20,"time":1716470518327,"pid":70125,"hostname":"MacBook-Pro-van-Stagiair.local","msg":"Skipping Command volume. Category MUSIC is disabled"}
{"level":20,"time":1716470518328,"pid":70125,"hostname":"MacBook-Pro-van-Stagiair.local","msg":"Skipping slash command eval. Disabled!"}
{"level":20,"time":1716470518328,"pid":70125,"hostname":"MacBook-Pro-van-Stagiair.local","msg":"Skipping slash command leaveserver. Disabled!"}
{"level":20,"time":1716470518329,"pid":70125,"hostname":"MacBook-Pro-van-Stagiair.local","msg":"Skipping slash command listservers. Disabled!"}
{"level":30,"time":1716470518343,"pid":70125,"hostname":"MacBook-Pro-van-Stagiair.local","msg":"Loaded 80 commands"}
{"level":30,"time":1716470518343,"pid":70125,"hostname":"MacBook-Pro-van-Stagiair.local","msg":"Loaded 61 slash commands"}
{"level":30,"time":1716470518343,"pid":70125,"hostname":"MacBook-Pro-van-Stagiair.local","msg":"Loading contexts..."}
{"level":30,"time":1716470518344,"pid":70125,"hostname":"MacBook-Pro-van-Stagiair.local","msg":"Loaded 1 USER contexts"}
{"level":30,"time":1716470518344,"pid":70125,"hostname":"MacBook-Pro-van-Stagiair.local","msg":"Loaded 0 MESSAGE contexts"}
{"level":30,"time":1716470518345,"pid":70125,"hostname":"MacBook-Pro-van-Stagiair.local","msg":"Loading events..."}
{"level":30,"time":1716470518376,"pid":70125,"hostname":"MacBook-Pro-van-Stagiair.local","msg":"Loaded 15 events. Success (15) Failed (0)"}
{"level":30,"time":1716470518665,"pid":70125,"hostname":"MacBook-Pro-van-Stagiair.local","msg":"VersionCheck: Your discord bot is up to date. Current version is 0.5.4"}
{"level":30,"time":1716470518665,"pid":70125,"hostname":"MacBook-Pro-van-Stagiair.local","msg":"Launching dashboard"}
{"level":30,"time":1716470518779,"pid":70125,"hostname":"MacBook-Pro-van-Stagiair.local","msg":"Connecting to MongoDb..."}
{"level":30,"time":1716470519158,"pid":70125,"hostname":"MacBook-Pro-van-Stagiair.local","msg":"Mongoose: Database connection established"}
{"level":30,"time":1716470519178,"pid":70125,"hostname":"MacBook-Pro-van-Stagiair.local","msg":"Dashboard is listening on port 6969"}
{"level":30,"time":1716470519782,"pid":70125,"hostname":"MacBook-Pro-van-Stagiair.local","msg":"Logged in as Gray Zone Warfare NL#1163! (1237023654211096606)"}
{"level":30,"time":1716470519782,"pid":70125,"hostname":"MacBook-Pro-van-Stagiair.local","msg":"Initializing giveaways manager..."}
{"level":30,"time":1716470519808,"pid":70125,"hostname":"MacBook-Pro-van-Stagiair.local","msg":"Giveaway Manager initialized"}
{"level":30,"time":1716471545134,"pid":74789,"hostname":"MacBook-Pro-van-Stagiair.local","msg":"Validating config file and environment variables"}
{"level":40,"time":1716471545135,"pid":74789,"hostname":"MacBook-Pro-van-Stagiair.local","msg":"config.js: SUPPORT_SERVER is not provided"}
{"level":40,"time":1716471545135,"pid":74789,"hostname":"MacBook-Pro-van-Stagiair.local","msg":"env: WEATHERSTACK_KEY is missing. Weather command won't work"}
{"level":40,"time":1716471545135,"pid":74789,"hostname":"MacBook-Pro-van-Stagiair.local","msg":"env: STRANGE_API_KEY is missing. Image commands won't work"}
{"level":30,"time":1716471545180,"pid":74789,"hostname":"MacBook-Pro-van-Stagiair.local","msg":"Loading commands..."}
{"level":50,"time":1716471545230,"pid":74789,"hostname":"MacBook-Pro-van-Stagiair.local","msg":"Failed to load /Users/stagiairgaaf/Documents/Development/discord-bot/src/commands/admin/greeting/farewell.js Reason: client is not defined"}
{"level":20,"time":1716471545554,"pid":74789,"hostname":"MacBook-Pro-van-Stagiair.local","msg":"Skipping Command filter. Category IMAGE is disabled"}
{"level":20,"time":1716471545555,"pid":74789,"hostname":"MacBook-Pro-van-Stagiair.local","msg":"Skipping Command generator. Category IMAGE is disabled"}
{"level":20,"time":1716471545556,"pid":74789,"hostname":"MacBook-Pro-van-Stagiair.local","msg":"Skipping Command overlay. Category IMAGE is disabled"}
{"level":20,"time":1716471545561,"pid":74789,"hostname":"MacBook-Pro-van-Stagiair.local","msg":"Skipping slash command avatar. Disabled!"}
{"level":20,"time":1716471545562,"pid":74789,"hostname":"MacBook-Pro-van-Stagiair.local","msg":"Skipping slash command botinvite. Disabled!"}
{"level":20,"time":1716471545563,"pid":74789,"hostname":"MacBook-Pro-van-Stagiair.local","msg":"Skipping slash command botstats. Disabled!"}
{"level":20,"time":1716471545565,"pid":74789,"hostname":"MacBook-Pro-van-Stagiair.local","msg":"Skipping slash command channelinfo. Disabled!"}
{"level":20,"time":1716471545566,"pid":74789,"hostname":"MacBook-Pro-van-Stagiair.local","msg":"Skipping slash command emojiinfo. Disabled!"}
{"level":20,"time":1716471545576,"pid":74789,"hostname":"MacBook-Pro-van-Stagiair.local","msg":"Skipping slash command guildinfo. Disabled!"}
{"level":20,"time":1716471545576,"pid":74789,"hostname":"MacBook-Pro-van-Stagiair.local","msg":"Skipping slash command uptime. Disabled!"}
{"level":20,"time":1716471545578,"pid":74789,"hostname":"MacBook-Pro-van-Stagiair.local","msg":"Skipping slash command userinfo. Disabled!"}
{"level":20,"time":1716471545580,"pid":74789,"hostname":"MacBook-Pro-van-Stagiair.local","msg":"Skipping command bot. Disabled!"}
{"level":20,"time":1716471545581,"pid":74789,"hostname":"MacBook-Pro-van-Stagiair.local","msg":"Skipping command info. Disabled!"}
{"level":20,"time":1716471545593,"pid":74789,"hostname":"MacBook-Pro-van-Stagiair.local","msg":"Skipping slash command deafen. Disabled!"}
{"level":20,"time":1716471545594,"pid":74789,"hostname":"MacBook-Pro-van-Stagiair.local","msg":"Skipping slash command disconnect. Disabled!"}
{"level":20,"time":1716471545595,"pid":74789,"hostname":"MacBook-Pro-van-Stagiair.local","msg":"Skipping slash command move. Disabled!"}
{"level":20,"time":1716471545596,"pid":74789,"hostname":"MacBook-Pro-van-Stagiair.local","msg":"Skipping slash command purge. Disabled!"}
{"level":20,"time":1716471545596,"pid":74789,"hostname":"MacBook-Pro-van-Stagiair.local","msg":"Skipping slash command purgeattach. Disabled!"}
{"level":20,"time":1716471545597,"pid":74789,"hostname":"MacBook-Pro-van-Stagiair.local","msg":"Skipping slash command purgebots. Disabled!"}
{"level":20,"time":1716471545597,"pid":74789,"hostname":"MacBook-Pro-van-Stagiair.local","msg":"Skipping slash command purgelinks. Disabled!"}
{"level":20,"time":1716471545598,"pid":74789,"hostname":"MacBook-Pro-van-Stagiair.local","msg":"Skipping slash command purgetoken. Disabled!"}
{"level":20,"time":1716471545599,"pid":74789,"hostname":"MacBook-Pro-van-Stagiair.local","msg":"Skipping slash command purgeuser. Disabled!"}
{"level":20,"time":1716471545600,"pid":74789,"hostname":"MacBook-Pro-van-Stagiair.local","msg":"Skipping slash command undeafen. Disabled!"}
{"level":20,"time":1716471545601,"pid":74789,"hostname":"MacBook-Pro-van-Stagiair.local","msg":"Skipping slash command vmute. Disabled!"}
{"level":20,"time":1716471545602,"pid":74789,"hostname":"MacBook-Pro-van-Stagiair.local","msg":"Skipping slash command vunmute. Disabled!"}
{"level":20,"time":1716471545604,"pid":74789,"hostname":"MacBook-Pro-van-Stagiair.local","msg":"Skipping command purge. Disabled!"}
{"level":20,"time":1716471545605,"pid":74789,"hostname":"MacBook-Pro-van-Stagiair.local","msg":"Skipping command voice. Disabled!"}
{"level":20,"time":1716471545610,"pid":74789,"hostname":"MacBook-Pro-van-Stagiair.local","msg":"Skipping Command bassboost. Category MUSIC is disabled"}
{"level":20,"time":1716471545636,"pid":74789,"hostname":"MacBook-Pro-van-Stagiair.local","msg":"Skipping Command loop. Category MUSIC is disabled"}
{"level":20,"time":1716471545637,"pid":74789,"hostname":"MacBook-Pro-van-Stagiair.local","msg":"Skipping Command lyric. Category MUSIC is disabled"}
{"level":20,"time":1716471545640,"pid":74789,"hostname":"MacBook-Pro-van-Stagiair.local","msg":"Skipping Command np. Category MUSIC is disabled"}
{"level":20,"time":1716471545641,"pid":74789,"hostname":"MacBook-Pro-van-Stagiair.local","msg":"Skipping Command pause. Category MUSIC is disabled"}
{"level":20,"time":1716471545655,"pid":74789,"hostname":"MacBook-Pro-van-Stagiair.local","msg":"Skipping Command play. Category MUSIC is disabled"}
{"level":20,"time":1716471545657,"pid":74789,"hostname":"MacBook-Pro-van-Stagiair.local","msg":"Skipping Command queue. Category MUSIC is disabled"}
{"level":20,"time":1716471545658,"pid":74789,"hostname":"MacBook-Pro-van-Stagiair.local","msg":"Skipping Command resume. Category MUSIC is disabled"}
{"level":20,"time":1716471545659,"pid":74789,"hostname":"MacBook-Pro-van-Stagiair.local","msg":"Skipping Command search. Category MUSIC is disabled"}
{"level":20,"time":1716471545659,"pid":74789,"hostname":"MacBook-Pro-van-Stagiair.local","msg":"Skipping Command seek. Category MUSIC is disabled"}
{"level":20,"time":1716471545660,"pid":74789,"hostname":"MacBook-Pro-van-Stagiair.local","msg":"Skipping Command shuffle. Category MUSIC is disabled"}
{"level":20,"time":1716471545660,"pid":74789,"hostname":"MacBook-Pro-van-Stagiair.local","msg":"Skipping Command skip. Category MUSIC is disabled"}
{"level":20,"time":1716471545661,"pid":74789,"hostname":"MacBook-Pro-van-Stagiair.local","msg":"Skipping Command stop. Category MUSIC is disabled"}
{"level":20,"time":1716471545661,"pid":74789,"hostname":"MacBook-Pro-van-Stagiair.local","msg":"Skipping Command volume. Category MUSIC is disabled"}
{"level":20,"time":1716471545662,"pid":74789,"hostname":"MacBook-Pro-van-Stagiair.local","msg":"Skipping slash command eval. Disabled!"}
{"level":20,"time":1716471545662,"pid":74789,"hostname":"MacBook-Pro-van-Stagiair.local","msg":"Skipping slash command leaveserver. Disabled!"}
{"level":20,"time":1716471545663,"pid":74789,"hostname":"MacBook-Pro-van-Stagiair.local","msg":"Skipping slash command listservers. Disabled!"}
{"level":30,"time":1716471545678,"pid":74789,"hostname":"MacBook-Pro-van-Stagiair.local","msg":"Loaded 79 commands"}
{"level":30,"time":1716471545678,"pid":74789,"hostname":"MacBook-Pro-van-Stagiair.local","msg":"Loaded 60 slash commands"}
{"level":30,"time":1716471545678,"pid":74789,"hostname":"MacBook-Pro-van-Stagiair.local","msg":"Loading contexts..."}
{"level":30,"time":1716471545680,"pid":74789,"hostname":"MacBook-Pro-van-Stagiair.local","msg":"Loaded 1 USER contexts"}
{"level":30,"time":1716471545680,"pid":74789,"hostname":"MacBook-Pro-van-Stagiair.local","msg":"Loaded 0 MESSAGE contexts"}
{"level":30,"time":1716471545680,"pid":74789,"hostname":"MacBook-Pro-van-Stagiair.local","msg":"Loading events..."}
{"level":30,"time":1716471545712,"pid":74789,"hostname":"MacBook-Pro-van-Stagiair.local","msg":"Loaded 15 events. Success (15) Failed (0)"}
{"level":30,"time":1716471546045,"pid":74789,"hostname":"MacBook-Pro-van-Stagiair.local","msg":"VersionCheck: Your discord bot is up to date. Current version is 0.5.4"}
{"level":30,"time":1716471546045,"pid":74789,"hostname":"MacBook-Pro-van-Stagiair.local","msg":"Launching dashboard"}
{"level":30,"time":1716471546170,"pid":74789,"hostname":"MacBook-Pro-van-Stagiair.local","msg":"Connecting to MongoDb..."}
{"level":30,"time":1716471546616,"pid":74789,"hostname":"MacBook-Pro-van-Stagiair.local","msg":"Mongoose: Database connection established"}
{"level":30,"time":1716471546633,"pid":74789,"hostname":"MacBook-Pro-van-Stagiair.local","msg":"Dashboard is listening on port 6969"}
{"level":30,"time":1716471547357,"pid":74789,"hostname":"MacBook-Pro-van-Stagiair.local","msg":"Logged in as Gray Zone Warfare NL#1163! (1237023654211096606)"}
{"level":30,"time":1716471547357,"pid":74789,"hostname":"MacBook-Pro-van-Stagiair.local","msg":"Initializing giveaways manager..."}
{"level":30,"time":1716471547385,"pid":74789,"hostname":"MacBook-Pro-van-Stagiair.local","msg":"Giveaway Manager initialized"}
{"level":30,"time":1716471818110,"pid":76047,"hostname":"MacBook-Pro-van-Stagiair.local","msg":"Validating config file and environment variables"}
{"level":40,"time":1716471818112,"pid":76047,"hostname":"MacBook-Pro-van-Stagiair.local","msg":"config.js: SUPPORT_SERVER is not provided"}
{"level":40,"time":1716471818112,"pid":76047,"hostname":"MacBook-Pro-van-Stagiair.local","msg":"env: WEATHERSTACK_KEY is missing. Weather command won't work"}
{"level":40,"time":1716471818112,"pid":76047,"hostname":"MacBook-Pro-van-Stagiair.local","msg":"env: STRANGE_API_KEY is missing. Image commands won't work"}
{"level":30,"time":1716471818162,"pid":76047,"hostname":"MacBook-Pro-van-Stagiair.local","msg":"Loading commands..."}
{"level":50,"time":1716471818210,"pid":76047,"hostname":"MacBook-Pro-van-Stagiair.local","msg":"Failed to load /Users/stagiairgaaf/Documents/Development/discord-bot/src/commands/admin/greeting/farewell.js Reason: Cannot find module 'bot.js'\nRequire stack:\n- /Users/stagiairgaaf/Documents/Development/discord-bot/src/commands/admin/greeting/farewell.js\n- /Users/stagiairgaaf/Documents/Development/discord-bot/src/structures/BotClient.js\n- /Users/stagiairgaaf/Documents/Development/discord-bot/src/structures/index.js\n- /Users/stagiairgaaf/Documents/Development/discord-bot/bot.js"}
{"level":20,"time":1716471818504,"pid":76047,"hostname":"MacBook-Pro-van-Stagiair.local","msg":"Skipping Command filter. Category IMAGE is disabled"}
{"level":20,"time":1716471818505,"pid":76047,"hostname":"MacBook-Pro-van-Stagiair.local","msg":"Skipping Command generator. Category IMAGE is disabled"}
{"level":20,"time":1716471818506,"pid":76047,"hostname":"MacBook-Pro-van-Stagiair.local","msg":"Skipping Command overlay. Category IMAGE is disabled"}
{"level":20,"time":1716471818510,"pid":76047,"hostname":"MacBook-Pro-van-Stagiair.local","msg":"Skipping slash command avatar. Disabled!"}
{"level":20,"time":1716471818511,"pid":76047,"hostname":"MacBook-Pro-van-Stagiair.local","msg":"Skipping slash command botinvite. Disabled!"}
{"level":20,"time":1716471818513,"pid":76047,"hostname":"MacBook-Pro-van-Stagiair.local","msg":"Skipping slash command botstats. Disabled!"}
{"level":20,"time":1716471818514,"pid":76047,"hostname":"MacBook-Pro-van-Stagiair.local","msg":"Skipping slash command channelinfo. Disabled!"}
{"level":20,"time":1716471818516,"pid":76047,"hostname":"MacBook-Pro-van-Stagiair.local","msg":"Skipping slash command emojiinfo. Disabled!"}
{"level":20,"time":1716471818523,"pid":76047,"hostname":"MacBook-Pro-van-Stagiair.local","msg":"Skipping slash command guildinfo. Disabled!"}
{"level":20,"time":1716471818524,"pid":76047,"hostname":"MacBook-Pro-van-Stagiair.local","msg":"Skipping slash command uptime. Disabled!"}
{"level":20,"time":1716471818525,"pid":76047,"hostname":"MacBook-Pro-van-Stagiair.local","msg":"Skipping slash command userinfo. Disabled!"}
{"level":20,"time":1716471818527,"pid":76047,"hostname":"MacBook-Pro-van-Stagiair.local","msg":"Skipping command bot. Disabled!"}
{"level":20,"time":1716471818528,"pid":76047,"hostname":"MacBook-Pro-van-Stagiair.local","msg":"Skipping command info. Disabled!"}
{"level":20,"time":1716471818538,"pid":76047,"hostname":"MacBook-Pro-van-Stagiair.local","msg":"Skipping slash command deafen. Disabled!"}
{"level":20,"time":1716471818539,"pid":76047,"hostname":"MacBook-Pro-van-Stagiair.local","msg":"Skipping slash command disconnect. Disabled!"}
{"level":20,"time":1716471818543,"pid":76047,"hostname":"MacBook-Pro-van-Stagiair.local","msg":"Skipping slash command move. Disabled!"}
{"level":20,"time":1716471818544,"pid":76047,"hostname":"MacBook-Pro-van-Stagiair.local","msg":"Skipping slash command purge. Disabled!"}
{"level":20,"time":1716471818545,"pid":76047,"hostname":"MacBook-Pro-van-Stagiair.local","msg":"Skipping slash command purgeattach. Disabled!"}
{"level":20,"time":1716471818545,"pid":76047,"hostname":"MacBook-Pro-van-Stagiair.local","msg":"Skipping slash command purgebots. Disabled!"}
{"level":20,"time":1716471818546,"pid":76047,"hostname":"MacBook-Pro-van-Stagiair.local","msg":"Skipping slash command purgelinks. Disabled!"}
{"level":20,"time":1716471818546,"pid":76047,"hostname":"MacBook-Pro-van-Stagiair.local","msg":"Skipping slash command purgetoken. Disabled!"}
{"level":20,"time":1716471818547,"pid":76047,"hostname":"MacBook-Pro-van-Stagiair.local","msg":"Skipping slash command purgeuser. Disabled!"}
{"level":20,"time":1716471818548,"pid":76047,"hostname":"MacBook-Pro-van-Stagiair.local","msg":"Skipping slash command undeafen. Disabled!"}
{"level":20,"time":1716471818549,"pid":76047,"hostname":"MacBook-Pro-van-Stagiair.local","msg":"Skipping slash command vmute. Disabled!"}
{"level":20,"time":1716471818550,"pid":76047,"hostname":"MacBook-Pro-van-Stagiair.local","msg":"Skipping slash command vunmute. Disabled!"}
{"level":20,"time":1716471818551,"pid":76047,"hostname":"MacBook-Pro-van-Stagiair.local","msg":"Skipping command purge. Disabled!"}
{"level":20,"time":1716471818552,"pid":76047,"hostname":"MacBook-Pro-van-Stagiair.local","msg":"Skipping command voice. Disabled!"}
{"level":20,"time":1716471818557,"pid":76047,"hostname":"MacBook-Pro-van-Stagiair.local","msg":"Skipping Command bassboost. Category MUSIC is disabled"}
{"level":20,"time":1716471818578,"pid":76047,"hostname":"MacBook-Pro-van-Stagiair.local","msg":"Skipping Command loop. Category MUSIC is disabled"}
{"level":20,"time":1716471818579,"pid":76047,"hostname":"MacBook-Pro-van-Stagiair.local","msg":"Skipping Command lyric. Category MUSIC is disabled"}
{"level":20,"time":1716471818583,"pid":76047,"hostname":"MacBook-Pro-van-Stagiair.local","msg":"Skipping Command np. Category MUSIC is disabled"}
{"level":20,"time":1716471818583,"pid":76047,"hostname":"MacBook-Pro-van-Stagiair.local","msg":"Skipping Command pause. Category MUSIC is disabled"}
{"level":20,"time":1716471818595,"pid":76047,"hostname":"MacBook-Pro-van-Stagiair.local","msg":"Skipping Command play. Category MUSIC is disabled"}
{"level":20,"time":1716471818596,"pid":76047,"hostname":"MacBook-Pro-van-Stagiair.local","msg":"Skipping Command queue. Category MUSIC is disabled"}
{"level":20,"time":1716471818597,"pid":76047,"hostname":"MacBook-Pro-van-Stagiair.local","msg":"Skipping Command resume. Category MUSIC is disabled"}
{"level":20,"time":1716471818597,"pid":76047,"hostname":"MacBook-Pro-van-Stagiair.local","msg":"Skipping Command search. Category MUSIC is disabled"}
{"level":20,"time":1716471818598,"pid":76047,"hostname":"MacBook-Pro-van-Stagiair.local","msg":"Skipping Command seek. Category MUSIC is disabled"}
{"level":20,"time":1716471818599,"pid":76047,"hostname":"MacBook-Pro-van-Stagiair.local","msg":"Skipping Command shuffle. Category MUSIC is disabled"}
{"level":20,"time":1716471818599,"pid":76047,"hostname":"MacBook-Pro-van-Stagiair.local","msg":"Skipping Command skip. Category MUSIC is disabled"}
{"level":20,"time":1716471818600,"pid":76047,"hostname":"MacBook-Pro-van-Stagiair.local","msg":"Skipping Command stop. Category MUSIC is disabled"}
{"level":20,"time":1716471818601,"pid":76047,"hostname":"MacBook-Pro-van-Stagiair.local","msg":"Skipping Command volume. Category MUSIC is disabled"}
{"level":20,"time":1716471818601,"pid":76047,"hostname":"MacBook-Pro-van-Stagiair.local","msg":"Skipping slash command eval. Disabled!"}
{"level":20,"time":1716471818602,"pid":76047,"hostname":"MacBook-Pro-van-Stagiair.local","msg":"Skipping slash command leaveserver. Disabled!"}
{"level":20,"time":1716471818603,"pid":76047,"hostname":"MacBook-Pro-van-Stagiair.local","msg":"Skipping slash command listservers. Disabled!"}
{"level":30,"time":1716471818620,"pid":76047,"hostname":"MacBook-Pro-van-Stagiair.local","msg":"Loaded 79 commands"}
{"level":30,"time":1716471818620,"pid":76047,"hostname":"MacBook-Pro-van-Stagiair.local","msg":"Loaded 60 slash commands"}
{"level":30,"time":1716471818620,"pid":76047,"hostname":"MacBook-Pro-van-Stagiair.local","msg":"Loading contexts..."}
{"level":30,"time":1716471818621,"pid":76047,"hostname":"MacBook-Pro-van-Stagiair.local","msg":"Loaded 1 USER contexts"}
{"level":30,"time":1716471818621,"pid":76047,"hostname":"MacBook-Pro-van-Stagiair.local","msg":"Loaded 0 MESSAGE contexts"}
{"level":30,"time":1716471818621,"pid":76047,"hostname":"MacBook-Pro-van-Stagiair.local","msg":"Loading events..."}
{"level":30,"time":1716471818653,"pid":76047,"hostname":"MacBook-Pro-van-Stagiair.local","msg":"Loaded 15 events. Success (15) Failed (0)"}
{"level":30,"time":1716471818932,"pid":76047,"hostname":"MacBook-Pro-van-Stagiair.local","msg":"VersionCheck: Your discord bot is up to date. Current version is 0.5.4"}
{"level":30,"time":1716471818932,"pid":76047,"hostname":"MacBook-Pro-van-Stagiair.local","msg":"Launching dashboard"}
{"level":30,"time":1716471819050,"pid":76047,"hostname":"MacBook-Pro-van-Stagiair.local","msg":"Connecting to MongoDb..."}
{"level":30,"time":1716471819440,"pid":76047,"hostname":"MacBook-Pro-van-Stagiair.local","msg":"Mongoose: Database connection established"}
{"level":30,"time":1716471819454,"pid":76047,"hostname":"MacBook-Pro-van-Stagiair.local","msg":"Dashboard is listening on port 6969"}
{"level":30,"time":1716471820062,"pid":76047,"hostname":"MacBook-Pro-van-Stagiair.local","msg":"Logged in as Gray Zone Warfare NL#1163! (1237023654211096606)"}
{"level":30,"time":1716471820062,"pid":76047,"hostname":"MacBook-Pro-van-Stagiair.local","msg":"Initializing giveaways manager..."}
{"level":30,"time":1716471820083,"pid":76047,"hostname":"MacBook-Pro-van-Stagiair.local","msg":"Giveaway Manager initialized"}
{"level":30,"time":1716472218032,"pid":77856,"hostname":"MacBook-Pro-van-Stagiair.local","msg":"Validating config file and environment variables"}
{"level":40,"time":1716472218033,"pid":77856,"hostname":"MacBook-Pro-van-Stagiair.local","msg":"config.js: SUPPORT_SERVER is not provided"}
{"level":40,"time":1716472218034,"pid":77856,"hostname":"MacBook-Pro-van-Stagiair.local","msg":"env: WEATHERSTACK_KEY is missing. Weather command won't work"}
{"level":40,"time":1716472218034,"pid":77856,"hostname":"MacBook-Pro-van-Stagiair.local","msg":"env: STRANGE_API_KEY is missing. Image commands won't work"}
{"level":30,"time":1716472218081,"pid":77856,"hostname":"MacBook-Pro-van-Stagiair.local","msg":"Loading commands..."}
{"level":50,"time":1716472218129,"pid":77856,"hostname":"MacBook-Pro-van-Stagiair.local","msg":"Failed to load /Users/stagiairgaaf/Documents/Development/discord-bot/src/commands/admin/greeting/farewell.js Reason: Cannot find module 'bot.js'\nRequire stack:\n- /Users/stagiairgaaf/Documents/Development/discord-bot/src/commands/admin/greeting/farewell.js\n- /Users/stagiairgaaf/Documents/Development/discord-bot/src/structures/BotClient.js\n- /Users/stagiairgaaf/Documents/Development/discord-bot/src/structures/index.js\n- /Users/stagiairgaaf/Documents/Development/discord-bot/bot.js"}
{"level":20,"time":1716472218432,"pid":77856,"hostname":"MacBook-Pro-van-Stagiair.local","msg":"Skipping Command filter. Category IMAGE is disabled"}
{"level":20,"time":1716472218433,"pid":77856,"hostname":"MacBook-Pro-van-Stagiair.local","msg":"Skipping Command generator. Category IMAGE is disabled"}
{"level":20,"time":1716472218434,"pid":77856,"hostname":"MacBook-Pro-van-Stagiair.local","msg":"Skipping Command overlay. Category IMAGE is disabled"}
{"level":20,"time":1716472218438,"pid":77856,"hostname":"MacBook-Pro-van-Stagiair.local","msg":"Skipping slash command avatar. Disabled!"}
{"level":20,"time":1716472218439,"pid":77856,"hostname":"MacBook-Pro-van-Stagiair.local","msg":"Skipping slash command botinvite. Disabled!"}
{"level":20,"time":1716472218442,"pid":77856,"hostname":"MacBook-Pro-van-Stagiair.local","msg":"Skipping slash command botstats. Disabled!"}
{"level":20,"time":1716472218444,"pid":77856,"hostname":"MacBook-Pro-van-Stagiair.local","msg":"Skipping slash command channelinfo. Disabled!"}
{"level":20,"time":1716472218445,"pid":77856,"hostname":"MacBook-Pro-van-Stagiair.local","msg":"Skipping slash command emojiinfo. Disabled!"}
{"level":20,"time":1716472218452,"pid":77856,"hostname":"MacBook-Pro-van-Stagiair.local","msg":"Skipping slash command guildinfo. Disabled!"}
{"level":20,"time":1716472218453,"pid":77856,"hostname":"MacBook-Pro-van-Stagiair.local","msg":"Skipping slash command uptime. Disabled!"}
{"level":20,"time":1716472218454,"pid":77856,"hostname":"MacBook-Pro-van-Stagiair.local","msg":"Skipping slash command userinfo. Disabled!"}
{"level":20,"time":1716472218456,"pid":77856,"hostname":"MacBook-Pro-van-Stagiair.local","msg":"Skipping command bot. Disabled!"}
{"level":20,"time":1716472218457,"pid":77856,"hostname":"MacBook-Pro-van-Stagiair.local","msg":"Skipping command info. Disabled!"}
{"level":20,"time":1716472218466,"pid":77856,"hostname":"MacBook-Pro-van-Stagiair.local","msg":"Skipping slash command deafen. Disabled!"}
{"level":20,"time":1716472218467,"pid":77856,"hostname":"MacBook-Pro-van-Stagiair.local","msg":"Skipping slash command disconnect. Disabled!"}
{"level":20,"time":1716472218468,"pid":77856,"hostname":"MacBook-Pro-van-Stagiair.local","msg":"Skipping slash command move. Disabled!"}
{"level":20,"time":1716472218469,"pid":77856,"hostname":"MacBook-Pro-van-Stagiair.local","msg":"Skipping slash command purge. Disabled!"}
{"level":20,"time":1716472218470,"pid":77856,"hostname":"MacBook-Pro-van-Stagiair.local","msg":"Skipping slash command purgeattach. Disabled!"}
{"level":20,"time":1716472218470,"pid":77856,"hostname":"MacBook-Pro-van-Stagiair.local","msg":"Skipping slash command purgebots. Disabled!"}
{"level":20,"time":1716472218471,"pid":77856,"hostname":"MacBook-Pro-van-Stagiair.local","msg":"Skipping slash command purgelinks. Disabled!"}
{"level":20,"time":1716472218472,"pid":77856,"hostname":"MacBook-Pro-van-Stagiair.local","msg":"Skipping slash command purgetoken. Disabled!"}
{"level":20,"time":1716472218472,"pid":77856,"hostname":"MacBook-Pro-van-Stagiair.local","msg":"Skipping slash command purgeuser. Disabled!"}
{"level":20,"time":1716472218474,"pid":77856,"hostname":"MacBook-Pro-van-Stagiair.local","msg":"Skipping slash command undeafen. Disabled!"}
{"level":20,"time":1716472218478,"pid":77856,"hostname":"MacBook-Pro-van-Stagiair.local","msg":"Skipping slash command vmute. Disabled!"}
{"level":20,"time":1716472218479,"pid":77856,"hostname":"MacBook-Pro-van-Stagiair.local","msg":"Skipping slash command vunmute. Disabled!"}
{"level":20,"time":1716472218481,"pid":77856,"hostname":"MacBook-Pro-van-Stagiair.local","msg":"Skipping command purge. Disabled!"}
{"level":20,"time":1716472218482,"pid":77856,"hostname":"MacBook-Pro-van-Stagiair.local","msg":"Skipping command voice. Disabled!"}
{"level":20,"time":1716472218486,"pid":77856,"hostname":"MacBook-Pro-van-Stagiair.local","msg":"Skipping Command bassboost. Category MUSIC is disabled"}
{"level":20,"time":1716472218507,"pid":77856,"hostname":"MacBook-Pro-van-Stagiair.local","msg":"Skipping Command loop. Category MUSIC is disabled"}
{"level":20,"time":1716472218508,"pid":77856,"hostname":"MacBook-Pro-van-Stagiair.local","msg":"Skipping Command lyric. Category MUSIC is disabled"}
{"level":20,"time":1716472218511,"pid":77856,"hostname":"MacBook-Pro-van-Stagiair.local","msg":"Skipping Command np. Category MUSIC is disabled"}
{"level":20,"time":1716472218512,"pid":77856,"hostname":"MacBook-Pro-van-Stagiair.local","msg":"Skipping Command pause. Category MUSIC is disabled"}
{"level":20,"time":1716472218521,"pid":77856,"hostname":"MacBook-Pro-van-Stagiair.local","msg":"Skipping Command play. Category MUSIC is disabled"}
{"level":20,"time":1716472218522,"pid":77856,"hostname":"MacBook-Pro-van-Stagiair.local","msg":"Skipping Command queue. Category MUSIC is disabled"}
{"level":20,"time":1716472218522,"pid":77856,"hostname":"MacBook-Pro-van-Stagiair.local","msg":"Skipping Command resume. Category MUSIC is disabled"}
{"level":20,"time":1716472218523,"pid":77856,"hostname":"MacBook-Pro-van-Stagiair.local","msg":"Skipping Command search. Category MUSIC is disabled"}
{"level":20,"time":1716472218524,"pid":77856,"hostname":"MacBook-Pro-van-Stagiair.local","msg":"Skipping Command seek. Category MUSIC is disabled"}
{"level":20,"time":1716472218524,"pid":77856,"hostname":"MacBook-Pro-van-Stagiair.local","msg":"Skipping Command shuffle. Category MUSIC is disabled"}
{"level":20,"time":1716472218525,"pid":77856,"hostname":"MacBook-Pro-van-Stagiair.local","msg":"Skipping Command skip. Category MUSIC is disabled"}
{"level":20,"time":1716472218525,"pid":77856,"hostname":"MacBook-Pro-van-Stagiair.local","msg":"Skipping Command stop. Category MUSIC is disabled"}
{"level":20,"time":1716472218526,"pid":77856,"hostname":"MacBook-Pro-van-Stagiair.local","msg":"Skipping Command volume. Category MUSIC is disabled"}
{"level":20,"time":1716472218527,"pid":77856,"hostname":"MacBook-Pro-van-Stagiair.local","msg":"Skipping slash command eval. Disabled!"}
{"level":20,"time":1716472218527,"pid":77856,"hostname":"MacBook-Pro-van-Stagiair.local","msg":"Skipping slash command leaveserver. Disabled!"}
{"level":20,"time":1716472218528,"pid":77856,"hostname":"MacBook-Pro-van-Stagiair.local","msg":"Skipping slash command listservers. Disabled!"}
{"level":30,"time":1716472218544,"pid":77856,"hostname":"MacBook-Pro-van-Stagiair.local","msg":"Loaded 79 commands"}
{"level":30,"time":1716472218545,"pid":77856,"hostname":"MacBook-Pro-van-Stagiair.local","msg":"Loaded 60 slash commands"}
{"level":30,"time":1716472218545,"pid":77856,"hostname":"MacBook-Pro-van-Stagiair.local","msg":"Loading contexts..."}
{"level":30,"time":1716472218546,"pid":77856,"hostname":"MacBook-Pro-van-Stagiair.local","msg":"Loaded 1 USER contexts"}
{"level":30,"time":1716472218546,"pid":77856,"hostname":"MacBook-Pro-van-Stagiair.local","msg":"Loaded 0 MESSAGE contexts"}
{"level":30,"time":1716472218546,"pid":77856,"hostname":"MacBook-Pro-van-Stagiair.local","msg":"Loading events..."}
{"level":30,"time":1716472218578,"pid":77856,"hostname":"MacBook-Pro-van-Stagiair.local","msg":"Loaded 15 events. Success (15) Failed (0)"}
{"level":30,"time":1716472218851,"pid":77856,"hostname":"MacBook-Pro-van-Stagiair.local","msg":"VersionCheck: Your discord bot is up to date. Current version is 0.5.4"}
{"level":30,"time":1716472218852,"pid":77856,"hostname":"MacBook-Pro-van-Stagiair.local","msg":"Launching dashboard"}
{"level":30,"time":1716472218967,"pid":77856,"hostname":"MacBook-Pro-van-Stagiair.local","msg":"Connecting to MongoDb..."}
{"level":30,"time":1716472219351,"pid":77856,"hostname":"MacBook-Pro-van-Stagiair.local","msg":"Mongoose: Database connection established"}
{"level":30,"time":1716472219364,"pid":77856,"hostname":"MacBook-Pro-van-Stagiair.local","msg":"Dashboard is listening on port 6969"}
{"level":30,"time":1716472219963,"pid":77856,"hostname":"MacBook-Pro-van-Stagiair.local","msg":"Logged in as Gray Zone Warfare NL#1163! (1237023654211096606)"}
{"level":30,"time":1716472219963,"pid":77856,"hostname":"MacBook-Pro-van-Stagiair.local","msg":"Initializing giveaways manager..."}
{"level":30,"time":1716472219988,"pid":77856,"hostname":"MacBook-Pro-van-Stagiair.local","msg":"Giveaway Manager initialized"}
{"level":30,"time":1716472275179,"pid":78130,"hostname":"MacBook-Pro-van-Stagiair.local","msg":"Validating config file and environment variables"}
{"level":40,"time":1716472275180,"pid":78130,"hostname":"MacBook-Pro-van-Stagiair.local","msg":"config.js: SUPPORT_SERVER is not provided"}
{"level":40,"time":1716472275180,"pid":78130,"hostname":"MacBook-Pro-van-Stagiair.local","msg":"env: WEATHERSTACK_KEY is missing. Weather command won't work"}
{"level":40,"time":1716472275180,"pid":78130,"hostname":"MacBook-Pro-van-Stagiair.local","msg":"env: STRANGE_API_KEY is missing. Image commands won't work"}
{"level":30,"time":1716472275224,"pid":78130,"hostname":"MacBook-Pro-van-Stagiair.local","msg":"Loading commands..."}
{"level":50,"time":1716472275271,"pid":78130,"hostname":"MacBook-Pro-van-Stagiair.local","msg":"Failed to load /Users/stagiairgaaf/Documents/Development/discord-bot/src/commands/admin/greeting/farewell.js Reason: client.on is not a function"}
{"level":20,"time":1716472275571,"pid":78130,"hostname":"MacBook-Pro-van-Stagiair.local","msg":"Skipping Command filter. Category IMAGE is disabled"}
{"level":20,"time":1716472275572,"pid":78130,"hostname":"MacBook-Pro-van-Stagiair.local","msg":"Skipping Command generator. Category IMAGE is disabled"}
{"level":20,"time":1716472275573,"pid":78130,"hostname":"MacBook-Pro-van-Stagiair.local","msg":"Skipping Command overlay. Category IMAGE is disabled"}
{"level":20,"time":1716472275577,"pid":78130,"hostname":"MacBook-Pro-van-Stagiair.local","msg":"Skipping slash command avatar. Disabled!"}
{"level":20,"time":1716472275579,"pid":78130,"hostname":"MacBook-Pro-van-Stagiair.local","msg":"Skipping slash command botinvite. Disabled!"}
{"level":20,"time":1716472275580,"pid":78130,"hostname":"MacBook-Pro-van-Stagiair.local","msg":"Skipping slash command botstats. Disabled!"}
{"level":20,"time":1716472275582,"pid":78130,"hostname":"MacBook-Pro-van-Stagiair.local","msg":"Skipping slash command channelinfo. Disabled!"}
{"level":20,"time":1716472275583,"pid":78130,"hostname":"MacBook-Pro-van-Stagiair.local","msg":"Skipping slash command emojiinfo. Disabled!"}
{"level":20,"time":1716472275592,"pid":78130,"hostname":"MacBook-Pro-van-Stagiair.local","msg":"Skipping slash command guildinfo. Disabled!"}
{"level":20,"time":1716472275593,"pid":78130,"hostname":"MacBook-Pro-van-Stagiair.local","msg":"Skipping slash command uptime. Disabled!"}
{"level":20,"time":1716472275594,"pid":78130,"hostname":"MacBook-Pro-van-Stagiair.local","msg":"Skipping slash command userinfo. Disabled!"}
{"level":20,"time":1716472275596,"pid":78130,"hostname":"MacBook-Pro-van-Stagiair.local","msg":"Skipping command bot. Disabled!"}
{"level":20,"time":1716472275597,"pid":78130,"hostname":"MacBook-Pro-van-Stagiair.local","msg":"Skipping command info. Disabled!"}
{"level":20,"time":1716472275610,"pid":78130,"hostname":"MacBook-Pro-van-Stagiair.local","msg":"Skipping slash command deafen. Disabled!"}
{"level":20,"time":1716472275611,"pid":78130,"hostname":"MacBook-Pro-van-Stagiair.local","msg":"Skipping slash command disconnect. Disabled!"}
{"level":20,"time":1716472275613,"pid":78130,"hostname":"MacBook-Pro-van-Stagiair.local","msg":"Skipping slash command move. Disabled!"}
{"level":20,"time":1716472275614,"pid":78130,"hostname":"MacBook-Pro-van-Stagiair.local","msg":"Skipping slash command purge. Disabled!"}
{"level":20,"time":1716472275617,"pid":78130,"hostname":"MacBook-Pro-van-Stagiair.local","msg":"Skipping slash command purgeattach. Disabled!"}
{"level":20,"time":1716472275618,"pid":78130,"hostname":"MacBook-Pro-van-Stagiair.local","msg":"Skipping slash command purgebots. Disabled!"}
{"level":20,"time":1716472275619,"pid":78130,"hostname":"MacBook-Pro-van-Stagiair.local","msg":"Skipping slash command purgelinks. Disabled!"}
{"level":20,"time":1716472275619,"pid":78130,"hostname":"MacBook-Pro-van-Stagiair.local","msg":"Skipping slash command purgetoken. Disabled!"}
{"level":20,"time":1716472275620,"pid":78130,"hostname":"MacBook-Pro-van-Stagiair.local","msg":"Skipping slash command purgeuser. Disabled!"}
{"level":20,"time":1716472275621,"pid":78130,"hostname":"MacBook-Pro-van-Stagiair.local","msg":"Skipping slash command undeafen. Disabled!"}
{"level":20,"time":1716472275622,"pid":78130,"hostname":"MacBook-Pro-van-Stagiair.local","msg":"Skipping slash command vmute. Disabled!"}
{"level":20,"time":1716472275623,"pid":78130,"hostname":"MacBook-Pro-van-Stagiair.local","msg":"Skipping slash command vunmute. Disabled!"}
{"level":20,"time":1716472275624,"pid":78130,"hostname":"MacBook-Pro-van-Stagiair.local","msg":"Skipping command purge. Disabled!"}
{"level":20,"time":1716472275625,"pid":78130,"hostname":"MacBook-Pro-van-Stagiair.local","msg":"Skipping command voice. Disabled!"}
{"level":20,"time":1716472275630,"pid":78130,"hostname":"MacBook-Pro-van-Stagiair.local","msg":"Skipping Command bassboost. Category MUSIC is disabled"}
{"level":20,"time":1716472275652,"pid":78130,"hostname":"MacBook-Pro-van-Stagiair.local","msg":"Skipping Command loop. Category MUSIC is disabled"}
{"level":20,"time":1716472275653,"pid":78130,"hostname":"MacBook-Pro-van-Stagiair.local","msg":"Skipping Command lyric. Category MUSIC is disabled"}
{"level":20,"time":1716472275656,"pid":78130,"hostname":"MacBook-Pro-van-Stagiair.local","msg":"Skipping Command np. Category MUSIC is disabled"}
{"level":20,"time":1716472275656,"pid":78130,"hostname":"MacBook-Pro-van-Stagiair.local","msg":"Skipping Command pause. Category MUSIC is disabled"}
{"level":20,"time":1716472275668,"pid":78130,"hostname":"MacBook-Pro-van-Stagiair.local","msg":"Skipping Command play. Category MUSIC is disabled"}
{"level":20,"time":1716472275668,"pid":78130,"hostname":"MacBook-Pro-van-Stagiair.local","msg":"Skipping Command queue. Category MUSIC is disabled"}
{"level":20,"time":1716472275669,"pid":78130,"hostname":"MacBook-Pro-van-Stagiair.local","msg":"Skipping Command resume. Category MUSIC is disabled"}
{"level":20,"time":1716472275670,"pid":78130,"hostname":"MacBook-Pro-van-Stagiair.local","msg":"Skipping Command search. Category MUSIC is disabled"}
{"level":20,"time":1716472275670,"pid":78130,"hostname":"MacBook-Pro-van-Stagiair.local","msg":"Skipping Command seek. Category MUSIC is disabled"}
{"level":20,"time":1716472275671,"pid":78130,"hostname":"MacBook-Pro-van-Stagiair.local","msg":"Skipping Command shuffle. Category MUSIC is disabled"}
{"level":20,"time":1716472275671,"pid":78130,"hostname":"MacBook-Pro-van-Stagiair.local","msg":"Skipping Command skip. Category MUSIC is disabled"}
{"level":20,"time":1716472275672,"pid":78130,"hostname":"MacBook-Pro-van-Stagiair.local","msg":"Skipping Command stop. Category MUSIC is disabled"}
{"level":20,"time":1716472275672,"pid":78130,"hostname":"MacBook-Pro-van-Stagiair.local","msg":"Skipping Command volume. Category MUSIC is disabled"}
{"level":20,"time":1716472275673,"pid":78130,"hostname":"MacBook-Pro-van-Stagiair.local","msg":"Skipping slash command eval. Disabled!"}
{"level":20,"time":1716472275674,"pid":78130,"hostname":"MacBook-Pro-van-Stagiair.local","msg":"Skipping slash command leaveserver. Disabled!"}
{"level":20,"time":1716472275674,"pid":78130,"hostname":"MacBook-Pro-van-Stagiair.local","msg":"Skipping slash command listservers. Disabled!"}
{"level":30,"time":1716472275689,"pid":78130,"hostname":"MacBook-Pro-van-Stagiair.local","msg":"Loaded 79 commands"}
{"level":30,"time":1716472275690,"pid":78130,"hostname":"MacBook-Pro-van-Stagiair.local","msg":"Loaded 60 slash commands"}
{"level":30,"time":1716472275690,"pid":78130,"hostname":"MacBook-Pro-van-Stagiair.local","msg":"Loading contexts..."}
{"level":30,"time":1716472275691,"pid":78130,"hostname":"MacBook-Pro-van-Stagiair.local","msg":"Loaded 1 USER contexts"}
{"level":30,"time":1716472275691,"pid":78130,"hostname":"MacBook-Pro-van-Stagiair.local","msg":"Loaded 0 MESSAGE contexts"}
{"level":30,"time":1716472275691,"pid":78130,"hostname":"MacBook-Pro-van-Stagiair.local","msg":"Loading events..."}
{"level":30,"time":1716472275722,"pid":78130,"hostname":"MacBook-Pro-van-Stagiair.local","msg":"Loaded 15 events. Success (15) Failed (0)"}
{"level":30,"time":1716472276025,"pid":78130,"hostname":"MacBook-Pro-van-Stagiair.local","msg":"VersionCheck: Your discord bot is up to date. Current version is 0.5.4"}
{"level":30,"time":1716472276026,"pid":78130,"hostname":"MacBook-Pro-van-Stagiair.local","msg":"Launching dashboard"}
{"level":30,"time":1716472276135,"pid":78130,"hostname":"MacBook-Pro-van-Stagiair.local","msg":"Connecting to MongoDb..."}
{"level":30,"time":1716472276471,"pid":78130,"hostname":"MacBook-Pro-van-Stagiair.local","msg":"Mongoose: Database connection established"}
{"level":30,"time":1716472276485,"pid":78130,"hostname":"MacBook-Pro-van-Stagiair.local","msg":"Dashboard is listening on port 6969"}
{"level":30,"time":1716472277149,"pid":78130,"hostname":"MacBook-Pro-van-Stagiair.local","msg":"Logged in as Gray Zone Warfare NL#1163! (1237023654211096606)"}
{"level":30,"time":1716472277149,"pid":78130,"hostname":"MacBook-Pro-van-Stagiair.local","msg":"Initializing giveaways manager..."}
{"level":30,"time":1716472277175,"pid":78130,"hostname":"MacBook-Pro-van-Stagiair.local","msg":"Giveaway Manager initialized"}
{"level":30,"time":1716473074330,"pid":81797,"hostname":"MacBook-Pro-van-Stagiair.local","msg":"Validating config file and environment variables"}
{"level":40,"time":1716473074332,"pid":81797,"hostname":"MacBook-Pro-van-Stagiair.local","msg":"config.js: SUPPORT_SERVER is not provided"}
{"level":40,"time":1716473074332,"pid":81797,"hostname":"MacBook-Pro-van-Stagiair.local","msg":"env: WEATHERSTACK_KEY is missing. Weather command won't work"}
{"level":40,"time":1716473074332,"pid":81797,"hostname":"MacBook-Pro-van-Stagiair.local","msg":"env: STRANGE_API_KEY is missing. Image commands won't work"}
{"level":30,"time":1716473074381,"pid":81797,"hostname":"MacBook-Pro-van-Stagiair.local","msg":"Loading commands..."}
{"level":50,"time":1716473074428,"pid":81797,"hostname":"MacBook-Pro-van-Stagiair.local","msg":"Failed to load /Users/stagiairgaaf/Documents/Development/discord-bot/src/commands/admin/greeting/farewell.js Reason: client.on is not a function"}
{"level":20,"time":1716473074721,"pid":81797,"hostname":"MacBook-Pro-van-Stagiair.local","msg":"Skipping Command filter. Category IMAGE is disabled"}
{"level":20,"time":1716473074722,"pid":81797,"hostname":"MacBook-Pro-van-Stagiair.local","msg":"Skipping Command generator. Category IMAGE is disabled"}
{"level":20,"time":1716473074723,"pid":81797,"hostname":"MacBook-Pro-van-Stagiair.local","msg":"Skipping Command overlay. Category IMAGE is disabled"}
{"level":20,"time":1716473074728,"pid":81797,"hostname":"MacBook-Pro-van-Stagiair.local","msg":"Skipping slash command avatar. Disabled!"}
{"level":20,"time":1716473074729,"pid":81797,"hostname":"MacBook-Pro-van-Stagiair.local","msg":"Skipping slash command botinvite. Disabled!"}
{"level":20,"time":1716473074730,"pid":81797,"hostname":"MacBook-Pro-van-Stagiair.local","msg":"Skipping slash command botstats. Disabled!"}
{"level":20,"time":1716473074732,"pid":81797,"hostname":"MacBook-Pro-van-Stagiair.local","msg":"Skipping slash command channelinfo. Disabled!"}
{"level":20,"time":1716473074733,"pid":81797,"hostname":"MacBook-Pro-van-Stagiair.local","msg":"Skipping slash command emojiinfo. Disabled!"}
{"level":20,"time":1716473074744,"pid":81797,"hostname":"MacBook-Pro-van-Stagiair.local","msg":"Skipping slash command guildinfo. Disabled!"}
{"level":20,"time":1716473074745,"pid":81797,"hostname":"MacBook-Pro-van-Stagiair.local","msg":"Skipping slash command uptime. Disabled!"}
{"level":20,"time":1716473074746,"pid":81797,"hostname":"MacBook-Pro-van-Stagiair.local","msg":"Skipping slash command userinfo. Disabled!"}
{"level":20,"time":1716473074747,"pid":81797,"hostname":"MacBook-Pro-van-Stagiair.local","msg":"Skipping command bot. Disabled!"}
{"level":20,"time":1716473074748,"pid":81797,"hostname":"MacBook-Pro-van-Stagiair.local","msg":"Skipping command info. Disabled!"}
{"level":20,"time":1716473074757,"pid":81797,"hostname":"MacBook-Pro-van-Stagiair.local","msg":"Skipping slash command deafen. Disabled!"}
{"level":20,"time":1716473074758,"pid":81797,"hostname":"MacBook-Pro-van-Stagiair.local","msg":"Skipping slash command disconnect. Disabled!"}
{"level":20,"time":1716473074759,"pid":81797,"hostname":"MacBook-Pro-van-Stagiair.local","msg":"Skipping slash command move. Disabled!"}
{"level":20,"time":1716473074760,"pid":81797,"hostname":"MacBook-Pro-van-Stagiair.local","msg":"Skipping slash command purge. Disabled!"}
{"level":20,"time":1716473074761,"pid":81797,"hostname":"MacBook-Pro-van-Stagiair.local","msg":"Skipping slash command purgeattach. Disabled!"}
{"level":20,"time":1716473074762,"pid":81797,"hostname":"MacBook-Pro-van-Stagiair.local","msg":"Skipping slash command purgebots. Disabled!"}
{"level":20,"time":1716473074763,"pid":81797,"hostname":"MacBook-Pro-van-Stagiair.local","msg":"Skipping slash command purgelinks. Disabled!"}
{"level":20,"time":1716473074763,"pid":81797,"hostname":"MacBook-Pro-van-Stagiair.local","msg":"Skipping slash command purgetoken. Disabled!"}
{"level":20,"time":1716473074764,"pid":81797,"hostname":"MacBook-Pro-van-Stagiair.local","msg":"Skipping slash command purgeuser. Disabled!"}
{"level":20,"time":1716473074764,"pid":81797,"hostname":"MacBook-Pro-van-Stagiair.local","msg":"Skipping slash command undeafen. Disabled!"}
{"level":20,"time":1716473074765,"pid":81797,"hostname":"MacBook-Pro-van-Stagiair.local","msg":"Skipping slash command vmute. Disabled!"}
{"level":20,"time":1716473074770,"pid":81797,"hostname":"MacBook-Pro-van-Stagiair.local","msg":"Skipping slash command vunmute. Disabled!"}
{"level":20,"time":1716473074771,"pid":81797,"hostname":"MacBook-Pro-van-Stagiair.local","msg":"Skipping command purge. Disabled!"}
{"level":20,"time":1716473074773,"pid":81797,"hostname":"MacBook-Pro-van-Stagiair.local","msg":"Skipping command voice. Disabled!"}
{"level":20,"time":1716473074777,"pid":81797,"hostname":"MacBook-Pro-van-Stagiair.local","msg":"Skipping Command bassboost. Category MUSIC is disabled"}
{"level":20,"time":1716473074810,"pid":81797,"hostname":"MacBook-Pro-van-Stagiair.local","msg":"Skipping Command loop. Category MUSIC is disabled"}
{"level":20,"time":1716473074811,"pid":81797,"hostname":"MacBook-Pro-van-Stagiair.local","msg":"Skipping Command lyric. Category MUSIC is disabled"}
{"level":20,"time":1716473074814,"pid":81797,"hostname":"MacBook-Pro-van-Stagiair.local","msg":"Skipping Command np. Category MUSIC is disabled"}
{"level":20,"time":1716473074814,"pid":81797,"hostname":"MacBook-Pro-van-Stagiair.local","msg":"Skipping Command pause. Category MUSIC is disabled"}
{"level":20,"time":1716473074824,"pid":81797,"hostname":"MacBook-Pro-van-Stagiair.local","msg":"Skipping Command play. Category MUSIC is disabled"}
{"level":20,"time":1716473074825,"pid":81797,"hostname":"MacBook-Pro-van-Stagiair.local","msg":"Skipping Command queue. Category MUSIC is disabled"}
{"level":20,"time":1716473074825,"pid":81797,"hostname":"MacBook-Pro-van-Stagiair.local","msg":"Skipping Command resume. Category MUSIC is disabled"}
{"level":20,"time":1716473074826,"pid":81797,"hostname":"MacBook-Pro-van-Stagiair.local","msg":"Skipping Command search. Category MUSIC is disabled"}
{"level":20,"time":1716473074827,"pid":81797,"hostname":"MacBook-Pro-van-Stagiair.local","msg":"Skipping Command seek. Category MUSIC is disabled"}
{"level":20,"time":1716473074827,"pid":81797,"hostname":"MacBook-Pro-van-Stagiair.local","msg":"Skipping Command shuffle. Category MUSIC is disabled"}
{"level":20,"time":1716473074828,"pid":81797,"hostname":"MacBook-Pro-van-Stagiair.local","msg":"Skipping Command skip. Category MUSIC is disabled"}
{"level":20,"time":1716473074829,"pid":81797,"hostname":"MacBook-Pro-van-Stagiair.local","msg":"Skipping Command stop. Category MUSIC is disabled"}
{"level":20,"time":1716473074830,"pid":81797,"hostname":"MacBook-Pro-van-Stagiair.local","msg":"Skipping Command volume. Category MUSIC is disabled"}
{"level":20,"time":1716473074831,"pid":81797,"hostname":"MacBook-Pro-van-Stagiair.local","msg":"Skipping slash command eval. Disabled!"}
{"level":20,"time":1716473074831,"pid":81797,"hostname":"MacBook-Pro-van-Stagiair.local","msg":"Skipping slash command leaveserver. Disabled!"}
{"level":20,"time":1716473074832,"pid":81797,"hostname":"MacBook-Pro-van-Stagiair.local","msg":"Skipping slash command listservers. Disabled!"}
{"level":30,"time":1716473074846,"pid":81797,"hostname":"MacBook-Pro-van-Stagiair.local","msg":"Loaded 79 commands"}
{"level":30,"time":1716473074847,"pid":81797,"hostname":"MacBook-Pro-van-Stagiair.local","msg":"Loaded 60 slash commands"}
{"level":30,"time":1716473074847,"pid":81797,"hostname":"MacBook-Pro-van-Stagiair.local","msg":"Loading contexts..."}
{"level":30,"time":1716473074848,"pid":81797,"hostname":"MacBook-Pro-van-Stagiair.local","msg":"Loaded 1 USER contexts"}
{"level":30,"time":1716473074848,"pid":81797,"hostname":"MacBook-Pro-van-Stagiair.local","msg":"Loaded 0 MESSAGE contexts"}
{"level":30,"time":1716473074848,"pid":81797,"hostname":"MacBook-Pro-van-Stagiair.local","msg":"Loading events..."}
{"level":30,"time":1716473074880,"pid":81797,"hostname":"MacBook-Pro-van-Stagiair.local","msg":"Loaded 15 events. Success (15) Failed (0)"}
{"level":30,"time":1716473075166,"pid":81797,"hostname":"MacBook-Pro-van-Stagiair.local","msg":"VersionCheck: Your discord bot is up to date. Current version is 0.5.4"}
{"level":50,"time":1716473075166,"pid":81797,"hostname":"MacBook-Pro-van-Stagiair.local","err":{"type":"ReferenceError","message":"farewellCommand is not defined","stack":"ReferenceError: farewellCommand is not defined\n    at /Users/stagiairgaaf/Documents/Development/discord-bot/bot.js:27:3\n    at process.processTicksAndRejections (node:internal/process/task_queues:95:5)"},"msg":"Unhandled exception: farewellCommand is not defined"}
{"level":30,"time":1716473611263,"pid":84287,"hostname":"MacBook-Pro-van-Stagiair.local","msg":"Validating config file and environment variables"}
{"level":40,"time":1716473611266,"pid":84287,"hostname":"MacBook-Pro-van-Stagiair.local","msg":"config.js: SUPPORT_SERVER is not provided"}
{"level":40,"time":1716473611266,"pid":84287,"hostname":"MacBook-Pro-van-Stagiair.local","msg":"env: WEATHERSTACK_KEY is missing. Weather command won't work"}
{"level":40,"time":1716473611266,"pid":84287,"hostname":"MacBook-Pro-van-Stagiair.local","msg":"env: STRANGE_API_KEY is missing. Image commands won't work"}
{"level":30,"time":1716473611333,"pid":84287,"hostname":"MacBook-Pro-van-Stagiair.local","msg":"Loading commands..."}
{"level":20,"time":1716473612028,"pid":84287,"hostname":"MacBook-Pro-van-Stagiair.local","msg":"Skipping Command filter. Category IMAGE is disabled"}
{"level":20,"time":1716473612029,"pid":84287,"hostname":"MacBook-Pro-van-Stagiair.local","msg":"Skipping Command generator. Category IMAGE is disabled"}
{"level":20,"time":1716473612030,"pid":84287,"hostname":"MacBook-Pro-van-Stagiair.local","msg":"Skipping Command overlay. Category IMAGE is disabled"}
{"level":20,"time":1716473612035,"pid":84287,"hostname":"MacBook-Pro-van-Stagiair.local","msg":"Skipping slash command avatar. Disabled!"}
{"level":20,"time":1716473612036,"pid":84287,"hostname":"MacBook-Pro-van-Stagiair.local","msg":"Skipping slash command botinvite. Disabled!"}
{"level":20,"time":1716473612038,"pid":84287,"hostname":"MacBook-Pro-van-Stagiair.local","msg":"Skipping slash command botstats. Disabled!"}
{"level":20,"time":1716473612039,"pid":84287,"hostname":"MacBook-Pro-van-Stagiair.local","msg":"Skipping slash command channelinfo. Disabled!"}
{"level":20,"time":1716473612040,"pid":84287,"hostname":"MacBook-Pro-van-Stagiair.local","msg":"Skipping slash command emojiinfo. Disabled!"}
{"level":20,"time":1716473612049,"pid":84287,"hostname":"MacBook-Pro-van-Stagiair.local","msg":"Skipping slash command guildinfo. Disabled!"}
{"level":20,"time":1716473612050,"pid":84287,"hostname":"MacBook-Pro-van-Stagiair.local","msg":"Skipping slash command uptime. Disabled!"}
{"level":20,"time":1716473612051,"pid":84287,"hostname":"MacBook-Pro-van-Stagiair.local","msg":"Skipping slash command userinfo. Disabled!"}
{"level":20,"time":1716473612053,"pid":84287,"hostname":"MacBook-Pro-van-Stagiair.local","msg":"Skipping command bot. Disabled!"}
{"level":20,"time":1716473612054,"pid":84287,"hostname":"MacBook-Pro-van-Stagiair.local","msg":"Skipping command info. Disabled!"}
{"level":20,"time":1716473612068,"pid":84287,"hostname":"MacBook-Pro-van-Stagiair.local","msg":"Skipping slash command deafen. Disabled!"}
{"level":20,"time":1716473612069,"pid":84287,"hostname":"MacBook-Pro-van-Stagiair.local","msg":"Skipping slash command disconnect. Disabled!"}
{"level":20,"time":1716473612070,"pid":84287,"hostname":"MacBook-Pro-van-Stagiair.local","msg":"Skipping slash command move. Disabled!"}
{"level":20,"time":1716473612071,"pid":84287,"hostname":"MacBook-Pro-van-Stagiair.local","msg":"Skipping slash command purge. Disabled!"}
{"level":20,"time":1716473612072,"pid":84287,"hostname":"MacBook-Pro-van-Stagiair.local","msg":"Skipping slash command purgeattach. Disabled!"}
{"level":20,"time":1716473612073,"pid":84287,"hostname":"MacBook-Pro-van-Stagiair.local","msg":"Skipping slash command purgebots. Disabled!"}
{"level":20,"time":1716473612074,"pid":84287,"hostname":"MacBook-Pro-van-Stagiair.local","msg":"Skipping slash command purgelinks. Disabled!"}
{"level":20,"time":1716473612075,"pid":84287,"hostname":"MacBook-Pro-van-Stagiair.local","msg":"Skipping slash command purgetoken. Disabled!"}
{"level":20,"time":1716473612075,"pid":84287,"hostname":"MacBook-Pro-van-Stagiair.local","msg":"Skipping slash command purgeuser. Disabled!"}
{"level":20,"time":1716473612076,"pid":84287,"hostname":"MacBook-Pro-van-Stagiair.local","msg":"Skipping slash command undeafen. Disabled!"}
{"level":20,"time":1716473612077,"pid":84287,"hostname":"MacBook-Pro-van-Stagiair.local","msg":"Skipping slash command vmute. Disabled!"}
{"level":20,"time":1716473612079,"pid":84287,"hostname":"MacBook-Pro-van-Stagiair.local","msg":"Skipping slash command vunmute. Disabled!"}
{"level":20,"time":1716473612080,"pid":84287,"hostname":"MacBook-Pro-van-Stagiair.local","msg":"Skipping command purge. Disabled!"}
{"level":20,"time":1716473612081,"pid":84287,"hostname":"MacBook-Pro-van-Stagiair.local","msg":"Skipping command voice. Disabled!"}
{"level":20,"time":1716473612087,"pid":84287,"hostname":"MacBook-Pro-van-Stagiair.local","msg":"Skipping Command bassboost. Category MUSIC is disabled"}
{"level":20,"time":1716473612136,"pid":84287,"hostname":"MacBook-Pro-van-Stagiair.local","msg":"Skipping Command loop. Category MUSIC is disabled"}
{"level":20,"time":1716473612137,"pid":84287,"hostname":"MacBook-Pro-van-Stagiair.local","msg":"Skipping Command lyric. Category MUSIC is disabled"}
{"level":20,"time":1716473612140,"pid":84287,"hostname":"MacBook-Pro-van-Stagiair.local","msg":"Skipping Command np. Category MUSIC is disabled"}
{"level":20,"time":1716473612141,"pid":84287,"hostname":"MacBook-Pro-van-Stagiair.local","msg":"Skipping Command pause. Category MUSIC is disabled"}
{"level":20,"time":1716473612153,"pid":84287,"hostname":"MacBook-Pro-van-Stagiair.local","msg":"Skipping Command play. Category MUSIC is disabled"}
{"level":20,"time":1716473612153,"pid":84287,"hostname":"MacBook-Pro-van-Stagiair.local","msg":"Skipping Command queue. Category MUSIC is disabled"}
{"level":20,"time":1716473612154,"pid":84287,"hostname":"MacBook-Pro-van-Stagiair.local","msg":"Skipping Command resume. Category MUSIC is disabled"}
{"level":20,"time":1716473612155,"pid":84287,"hostname":"MacBook-Pro-van-Stagiair.local","msg":"Skipping Command search. Category MUSIC is disabled"}
{"level":20,"time":1716473612155,"pid":84287,"hostname":"MacBook-Pro-van-Stagiair.local","msg":"Skipping Command seek. Category MUSIC is disabled"}
{"level":20,"time":1716473612156,"pid":84287,"hostname":"MacBook-Pro-van-Stagiair.local","msg":"Skipping Command shuffle. Category MUSIC is disabled"}
{"level":20,"time":1716473612157,"pid":84287,"hostname":"MacBook-Pro-van-Stagiair.local","msg":"Skipping Command skip. Category MUSIC is disabled"}
{"level":20,"time":1716473612157,"pid":84287,"hostname":"MacBook-Pro-van-Stagiair.local","msg":"Skipping Command stop. Category MUSIC is disabled"}
{"level":20,"time":1716473612158,"pid":84287,"hostname":"MacBook-Pro-van-Stagiair.local","msg":"Skipping Command volume. Category MUSIC is disabled"}
{"level":20,"time":1716473612159,"pid":84287,"hostname":"MacBook-Pro-van-Stagiair.local","msg":"Skipping slash command eval. Disabled!"}
{"level":20,"time":1716473612159,"pid":84287,"hostname":"MacBook-Pro-van-Stagiair.local","msg":"Skipping slash command leaveserver. Disabled!"}
{"level":20,"time":1716473612160,"pid":84287,"hostname":"MacBook-Pro-van-Stagiair.local","msg":"Skipping slash command listservers. Disabled!"}
{"level":30,"time":1716473612178,"pid":84287,"hostname":"MacBook-Pro-van-Stagiair.local","msg":"Loaded 80 commands"}
{"level":30,"time":1716473612178,"pid":84287,"hostname":"MacBook-Pro-van-Stagiair.local","msg":"Loaded 61 slash commands"}
{"level":30,"time":1716473612179,"pid":84287,"hostname":"MacBook-Pro-van-Stagiair.local","msg":"Loading contexts..."}
{"level":30,"time":1716473612180,"pid":84287,"hostname":"MacBook-Pro-van-Stagiair.local","msg":"Loaded 1 USER contexts"}
{"level":30,"time":1716473612180,"pid":84287,"hostname":"MacBook-Pro-van-Stagiair.local","msg":"Loaded 0 MESSAGE contexts"}
{"level":30,"time":1716473612180,"pid":84287,"hostname":"MacBook-Pro-van-Stagiair.local","msg":"Loading events..."}
{"level":30,"time":1716473612216,"pid":84287,"hostname":"MacBook-Pro-van-Stagiair.local","msg":"Loaded 15 events. Success (15) Failed (0)"}
{"level":30,"time":1716473612605,"pid":84287,"hostname":"MacBook-Pro-van-Stagiair.local","msg":"VersionCheck: Your discord bot is up to date. Current version is 0.5.4"}
{"level":30,"time":1716473612605,"pid":84287,"hostname":"MacBook-Pro-van-Stagiair.local","msg":"Launching dashboard"}
{"level":30,"time":1716473612759,"pid":84287,"hostname":"MacBook-Pro-van-Stagiair.local","msg":"Connecting to MongoDb..."}
{"level":30,"time":1716473613157,"pid":84287,"hostname":"MacBook-Pro-van-Stagiair.local","msg":"Mongoose: Database connection established"}
{"level":30,"time":1716473613179,"pid":84287,"hostname":"MacBook-Pro-van-Stagiair.local","msg":"Dashboard is listening on port 6969"}
{"level":30,"time":1716473613817,"pid":84287,"hostname":"MacBook-Pro-van-Stagiair.local","msg":"Logged in as Gray Zone Warfare NL#1163! (1237023654211096606)"}
{"level":30,"time":1716473613818,"pid":84287,"hostname":"MacBook-Pro-van-Stagiair.local","msg":"Initializing giveaways manager..."}
{"level":30,"time":1716473613842,"pid":84287,"hostname":"MacBook-Pro-van-Stagiair.local","msg":"Giveaway Manager initialized"}
